2025-02-24T21:44:50.615+05:30  INFO 27020 --- [userAuth] [restartedMain] com.spring.vaidya.Vault1Application      : Starting Vault1Application using Java 17.0.7 with PID 27020 (C:\Users\dell\Downloads\vaidya_vault_swagger\userAuth\target\classes started by dell in C:\Users\dell\Downloads\vaidya_vault_swagger\userAuth)
2025-02-24T21:44:50.615+05:30  INFO 27020 --- [userAuth] [restartedMain] com.spring.vaidya.Vault1Application      : No active profile set, falling back to 1 default profile: "default"
2025-02-24T21:44:50.915+05:30  INFO 27020 --- [userAuth] [restartedMain] .s.d.r.c.RepositoryConfigurationDelegate : Bootstrapping Spring Data JPA repositories in DEFAULT mode.
2025-02-24T21:44:50.935+05:30  INFO 27020 --- [userAuth] [restartedMain] .s.d.r.c.RepositoryConfigurationDelegate : Finished Spring Data repository scanning in 19 ms. Found 4 JPA repository interfaces.
2025-02-24T21:44:51.000+05:30  INFO 27020 --- [userAuth] [restartedMain] o.s.cloud.context.scope.GenericScope     : BeanFactory id=3f6a7162-ba68-3463-b34a-0be62599711f
2025-02-24T21:44:51.129+05:30  INFO 27020 --- [userAuth] [restartedMain] o.s.b.w.embedded.tomcat.TomcatWebServer  : Tomcat initialized with port 8080 (https)
2025-02-24T21:44:51.130+05:30  INFO 27020 --- [userAuth] [restartedMain] o.apache.catalina.core.StandardService   : Starting service [Tomcat]
2025-02-24T21:44:51.131+05:30  INFO 27020 --- [userAuth] [restartedMain] o.apache.catalina.core.StandardEngine    : Starting Servlet engine: [Apache Tomcat/10.1.31]
2025-02-24T21:44:51.160+05:30  INFO 27020 --- [userAuth] [restartedMain] o.a.c.c.C.[Tomcat].[localhost].[/]       : Initializing Spring embedded WebApplicationContext
2025-02-24T21:44:51.161+05:30  INFO 27020 --- [userAuth] [restartedMain] w.s.c.ServletWebServerApplicationContext : Root WebApplicationContext: initialization completed in 544 ms
2025-02-24T21:44:51.242+05:30  INFO 27020 --- [userAuth] [restartedMain] o.hibernate.jpa.internal.util.LogHelper  : HHH000204: Processing PersistenceUnitInfo [name: default]
2025-02-24T21:44:51.244+05:30  WARN 27020 --- [userAuth] [restartedMain] org.hibernate.orm.deprecation            : HHH90000021: Encountered deprecated setting [javax.persistence.validation.mode], use [jakarta.persistence.validation.mode] instead
2025-02-24T21:44:51.245+05:30  INFO 27020 --- [userAuth] [restartedMain] o.h.c.internal.RegionFactoryInitiator    : HHH000026: Second-level cache disabled
2025-02-24T21:44:51.255+05:30  INFO 27020 --- [userAuth] [restartedMain] o.s.o.j.p.SpringPersistenceUnitInfo      : No LoadTimeWeaver setup: ignoring JPA class transformer
2025-02-24T21:44:51.257+05:30  INFO 27020 --- [userAuth] [restartedMain] com.zaxxer.hikari.HikariDataSource       : HikariPool-6 - Starting...
2025-02-24T21:44:51.274+05:30  INFO 27020 --- [userAuth] [restartedMain] com.zaxxer.hikari.pool.HikariPool        : HikariPool-6 - Added connection com.mysql.cj.jdbc.ConnectionImpl@1312e886
2025-02-24T21:44:51.274+05:30  INFO 27020 --- [userAuth] [restartedMain] com.zaxxer.hikari.HikariDataSource       : HikariPool-6 - Start completed.
2025-02-24T21:44:51.372+05:30  INFO 27020 --- [userAuth] [restartedMain] o.h.e.t.j.p.i.JtaPlatformInitiator       : HHH000489: No JTA platform available (set 'hibernate.transaction.jta.platform' to enable JTA platform integration)
2025-02-24T21:44:51.412+05:30  INFO 27020 --- [userAuth] [restartedMain] j.LocalContainerEntityManagerFactoryBean : Initialized JPA EntityManagerFactory for persistence unit 'default'
2025-02-24T21:44:51.567+05:30  WARN 27020 --- [userAuth] [restartedMain] JpaBaseConfiguration$JpaWebConfiguration : spring.jpa.open-in-view is enabled by default. Therefore, database queries may be performed during view rendering. Explicitly configure spring.jpa.open-in-view to disable this warning
2025-02-24T21:44:51.584+05:30  INFO 27020 --- [userAuth] [restartedMain] eAuthenticationProviderManagerConfigurer : Global AuthenticationManager configured with AuthenticationProvider bean with name authenticationProvider
2025-02-24T21:44:51.584+05:30  WARN 27020 --- [userAuth] [restartedMain] r$InitializeUserDetailsManagerConfigurer : Global AuthenticationManager configured with an AuthenticationProvider bean. UserDetailsService beans will not be used for username/password login. Consider removing the AuthenticationProvider bean. Alternatively, consider using the UserDetailsService in a manually instantiated DaoAuthenticationProvider.
2025-02-24T21:44:51.824+05:30  INFO 27020 --- [userAuth] [restartedMain] o.s.b.d.a.OptionalLiveReloadServer       : LiveReload server is running on port 35729
2025-02-24T21:44:52.187+05:30  INFO 27020 --- [userAuth] [restartedMain] o.a.t.util.net.NioEndpoint.certificate   : Connector [https-jsse-nio-8080], TLS virtual host [_default_], certificate type [UNDEFINED] configured from keystore [C:\Users\dell\.keystore] using alias [mysslkey] with trust store [null]
2025-02-24T21:44:52.191+05:30  INFO 27020 --- [userAuth] [restartedMain] o.s.b.w.embedded.tomcat.TomcatWebServer  : Tomcat started on port 8080 (https) with context path '/'
2025-02-24T21:44:52.366+05:30  INFO 27020 --- [userAuth] [restartedMain] com.spring.vaidya.Vault1Application      : Started Vault1Application in 2.017 seconds (process running for 840.759)
2025-02-24T21:44:54.933+05:30  INFO 27020 --- [userAuth] [restartedMain] .ConditionEvaluationDeltaLoggingListener : Condition evaluation unchanged
2025-02-24T21:44:55.498+05:30  INFO 27020 --- [userAuth] [https-jsse-nio-8080-exec-6] o.a.c.c.C.[Tomcat].[localhost].[/]       : Initializing Spring DispatcherServlet 'dispatcherServlet'
2025-02-24T21:44:55.498+05:30  INFO 27020 --- [userAuth] [https-jsse-nio-8080-exec-6] o.s.web.servlet.DispatcherServlet        : Initializing Servlet 'dispatcherServlet'
2025-02-24T21:44:55.500+05:30  INFO 27020 --- [userAuth] [https-jsse-nio-8080-exec-6] o.s.web.servlet.DispatcherServlet        : Completed initialization in 2 ms
2025-02-24T21:44:55.555+05:30  INFO 27020 --- [userAuth] [https-jsse-nio-8080-exec-6] c.s.vaidya.controller.UserController     : Doctor login attempt for email: 13jerry02@gmail.com
2025-02-24T21:44:55.689+05:30  INFO 27020 --- [userAuth] [https-jsse-nio-8080-exec-6] c.s.vaidya.controller.UserController     : Doctor login successful: 13jerry02@gmail.com
2025-02-24T21:47:26.174+05:30  INFO 27020 --- [userAuth] [File Watcher] rtingClassPathChangeChangedEventListener : Restarting due to 1 class path change (0 additions, 0 deletions, 1 modification)
2025-02-24T21:47:26.416+05:30  INFO 27020 --- [userAuth] [Thread-33] j.LocalContainerEntityManagerFactoryBean : Closing JPA EntityManagerFactory for persistence unit 'default'
2025-02-24T21:47:26.417+05:30  INFO 27020 --- [userAuth] [Thread-33] com.zaxxer.hikari.HikariDataSource       : HikariPool-6 - Shutdown initiated...
2025-02-24T21:47:26.425+05:30  INFO 27020 --- [userAuth] [Thread-33] com.zaxxer.hikari.HikariDataSource       : HikariPool-6 - Shutdown completed.
